2022-06-09 19:48:17,433 [Worker-0: Loading available Gradle versions] INFO  o.e.b.c.i.u.g.PublishedGradleVersions - Gradle version information cache is out-of-date. Trying to update.
2022-06-09 19:55:38,886 [Worker-11: Importing Maven projects] INFO  o.e.m.c.i.l.LifecycleMappingFactory - Using org.eclipse.m2e.jdt.JarLifecycleMapping lifecycle mapping for MavenProject: com.wipro.hrms:jun09-boot-1:0.0.1-SNAPSHOT @ D:\Jag\wipro\wipro1\wipro1\Java\springboot\jun09-boot-1\pom.xml.
2022-06-09 19:55:43,105 [Worker-11: Importing Maven projects] INFO  o.e.m.j.i.AbstractJavaProjectConfigurator - Adding source folder /jun09-boot-1/src/main/java
2022-06-09 19:55:43,105 [Worker-11: Importing Maven projects] INFO  o.e.m.j.i.AbstractJavaProjectConfigurator - Adding resource folder /jun09-boot-1/src/main/resources
2022-06-09 19:55:43,111 [Worker-11: Importing Maven projects] INFO  o.e.m.j.i.AbstractJavaProjectConfigurator - Adding resource folder /jun09-boot-1/src/main/resources
2022-06-09 19:55:43,117 [Worker-11: Importing Maven projects] INFO  o.e.m.j.i.AbstractJavaProjectConfigurator - Adding source folder /jun09-boot-1/src/test/java
2022-06-09 19:55:45,621 [Worker-11: Importing Maven projects] INFO  o.e.m.c.i.p.ProjectConfigurationManager - Imported and configured 1 project(s) in 10 sec
2022-06-09 19:55:46,263 [Worker-13: Auto share git projects] WARN  org.eclipse.jgit.util.FS - C:\Program Files\Git\etc\.probe-8f96f916-3d93-486b-b72e-addd3764123f
java.nio.file.AccessDeniedException: C:\Program Files\Git\etc\.probe-8f96f916-3d93-486b-b72e-addd3764123f
	at sun.nio.fs.WindowsException.translateToIOException(Unknown Source)
	at sun.nio.fs.WindowsException.rethrowAsIOException(Unknown Source)
	at sun.nio.fs.WindowsException.rethrowAsIOException(Unknown Source)
	at sun.nio.fs.WindowsFileSystemProvider.newByteChannel(Unknown Source)
	at java.nio.file.Files.newByteChannel(Unknown Source)
	at java.nio.file.Files.createFile(Unknown Source)
	at org.eclipse.jgit.util.FS$FileStoreAttributeCache.<init>(FS.java:234)
	at org.eclipse.jgit.util.FS$FileStoreAttributeCache.getFsTimestampResolution(FS.java:211)
	at org.eclipse.jgit.util.FS.getFsTimerResolution(FS.java:321)
	at org.eclipse.jgit.internal.storage.file.FileSnapshot.<init>(FileSnapshot.java:186)
	at org.eclipse.jgit.internal.storage.file.FileSnapshot.save(FileSnapshot.java:122)
	at org.eclipse.jgit.storage.file.FileBasedConfig.load(FileBasedConfig.java:156)
	at org.eclipse.jgit.internal.storage.file.FileRepository.loadSystemConfig(FileRepository.java:245)
	at org.eclipse.jgit.internal.storage.file.FileRepository.<init>(FileRepository.java:203)
	at org.eclipse.jgit.storage.file.FileRepositoryBuilder.build(FileRepositoryBuilder.java:88)
	at org.eclipse.jgit.storage.file.FileRepositoryBuilder.create(FileRepositoryBuilder.java:108)
	at org.eclipse.egit.core.RepositoryCache.lookupRepository(RepositoryCache.java:58)
	at org.eclipse.egit.core.project.GitProjectData.map(GitProjectData.java:693)
	at org.eclipse.egit.core.project.GitProjectData.remapAll(GitProjectData.java:651)
	at org.eclipse.egit.core.project.GitProjectData.setRepositoryMappings(GitProjectData.java:465)
	at org.eclipse.egit.core.op.ConnectProviderOperation.connectProject(ConnectProviderOperation.java:153)
	at org.eclipse.egit.core.op.ConnectProviderOperation.execute(ConnectProviderOperation.java:111)
	at org.eclipse.egit.core.internal.job.JobUtil$1.run(JobUtil.java:55)
	at org.eclipse.core.internal.jobs.Worker.run(Worker.java:63)
2022-06-09 19:55:47,452 [Worker-11: Building workspace] INFO  o.e.m.c.i.embedder.EclipseLogger - Using 'UTF-8' encoding to copy filtered resources.
2022-06-09 19:55:47,452 [Worker-11: Building workspace] INFO  o.e.m.c.i.embedder.EclipseLogger - Using 'UTF-8' encoding to copy filtered properties files.
2022-06-09 19:55:47,456 [Worker-11: Building workspace] INFO  o.e.m.c.i.embedder.EclipseLogger - Copying 1 resource
2022-06-09 19:55:47,473 [Worker-11: Building workspace] INFO  o.e.m.c.i.embedder.EclipseLogger - Copying 0 resource
2022-06-09 19:55:47,477 [Worker-11: Building workspace] INFO  o.e.m.c.i.embedder.EclipseLogger - Using 'UTF-8' encoding to copy filtered resources.
2022-06-09 19:55:47,478 [Worker-11: Building workspace] INFO  o.e.m.c.i.embedder.EclipseLogger - Using 'UTF-8' encoding to copy filtered properties files.
2022-06-09 19:55:47,478 [Worker-11: Building workspace] INFO  o.e.m.c.i.embedder.EclipseLogger - skip non existing resourceDirectory D:\Jag\wipro\wipro1\wipro1\Java\springboot\jun09-boot-1\src\test\resources
2022-06-09 19:56:12,608 [Worker-6: Building workspace] INFO  o.e.m.c.i.embedder.EclipseLogger - Using 'UTF-8' encoding to copy filtered resources.
2022-06-09 19:56:12,608 [Worker-6: Building workspace] INFO  o.e.m.c.i.embedder.EclipseLogger - Using 'UTF-8' encoding to copy filtered properties files.
2022-06-09 19:56:12,611 [Worker-6: Building workspace] INFO  o.e.m.c.i.embedder.EclipseLogger - Copying 1 resource
2022-06-09 19:56:12,619 [Worker-6: Building workspace] INFO  o.e.m.c.i.embedder.EclipseLogger - Copying 0 resource
2022-06-09 19:56:12,622 [Worker-6: Building workspace] INFO  o.e.m.c.i.embedder.EclipseLogger - Using 'UTF-8' encoding to copy filtered resources.
2022-06-09 19:56:12,623 [Worker-6: Building workspace] INFO  o.e.m.c.i.embedder.EclipseLogger - Using 'UTF-8' encoding to copy filtered properties files.
2022-06-09 19:56:12,623 [Worker-6: Building workspace] INFO  o.e.m.c.i.embedder.EclipseLogger - skip non existing resourceDirectory D:\Jag\wipro\wipro1\wipro1\Java\springboot\jun09-boot-1\src\test\resources
2022-06-10 09:06:30,399 [Worker-3: Loading available Gradle versions] INFO  o.e.b.c.i.u.g.PublishedGradleVersions - Gradle version information cache is up-to-date. Trying to read.
2022-06-10 09:06:34,178 [Worker-6: Decoration Calculation] WARN  org.eclipse.jgit.util.FS - C:\Program Files\Git\etc\.probe-de9b3da4-48fe-4a80-976d-986be5a6334c
java.nio.file.AccessDeniedException: C:\Program Files\Git\etc\.probe-de9b3da4-48fe-4a80-976d-986be5a6334c
	at sun.nio.fs.WindowsException.translateToIOException(Unknown Source)
	at sun.nio.fs.WindowsException.rethrowAsIOException(Unknown Source)
	at sun.nio.fs.WindowsException.rethrowAsIOException(Unknown Source)
	at sun.nio.fs.WindowsFileSystemProvider.newByteChannel(Unknown Source)
	at java.nio.file.Files.newByteChannel(Unknown Source)
	at java.nio.file.Files.createFile(Unknown Source)
	at org.eclipse.jgit.util.FS$FileStoreAttributeCache.<init>(FS.java:234)
	at org.eclipse.jgit.util.FS$FileStoreAttributeCache.getFsTimestampResolution(FS.java:211)
	at org.eclipse.jgit.util.FS.getFsTimerResolution(FS.java:321)
	at org.eclipse.jgit.internal.storage.file.FileSnapshot.<init>(FileSnapshot.java:186)
	at org.eclipse.jgit.internal.storage.file.FileSnapshot.save(FileSnapshot.java:122)
	at org.eclipse.jgit.storage.file.FileBasedConfig.load(FileBasedConfig.java:156)
	at org.eclipse.jgit.internal.storage.file.FileRepository.loadSystemConfig(FileRepository.java:245)
	at org.eclipse.jgit.internal.storage.file.FileRepository.<init>(FileRepository.java:203)
	at org.eclipse.jgit.storage.file.FileRepositoryBuilder.build(FileRepositoryBuilder.java:88)
	at org.eclipse.jgit.storage.file.FileRepositoryBuilder.create(FileRepositoryBuilder.java:108)
	at org.eclipse.egit.core.RepositoryCache.lookupRepository(RepositoryCache.java:58)
	at org.eclipse.egit.core.project.GitProjectData.map(GitProjectData.java:693)
	at org.eclipse.egit.core.project.GitProjectData.remapAll(GitProjectData.java:651)
	at org.eclipse.egit.core.project.GitProjectData.load(GitProjectData.java:634)
	at org.eclipse.egit.core.project.GitProjectData.get(GitProjectData.java:220)
	at org.eclipse.egit.core.project.RepositoryMapping.getProjectData(RepositoryMapping.java:335)
	at org.eclipse.egit.core.project.RepositoryMapping.findMapping(RepositoryMapping.java:356)
	at org.eclipse.egit.core.project.RepositoryMapping.getMapping(RepositoryMapping.java:296)
	at org.eclipse.egit.core.internal.util.ResourceUtil.getRepository(ResourceUtil.java:712)
	at org.eclipse.egit.ui.internal.resources.ResourceStateFactory.getIndexDiffDataOrNull(ResourceStateFactory.java:103)
	at org.eclipse.egit.ui.internal.decorators.GitLightweightDecorator.decorateResource(GitLightweightDecorator.java:224)
	at org.eclipse.egit.ui.internal.decorators.GitLightweightDecorator.decorate(GitLightweightDecorator.java:201)
	at org.eclipse.ui.internal.decorators.LightweightDecoratorDefinition.decorate(LightweightDecoratorDefinition.java:247)
	at org.eclipse.ui.internal.decorators.LightweightDecoratorManager$LightweightRunnable.run(LightweightDecoratorManager.java:105)
	at org.eclipse.core.runtime.SafeRunner.run(SafeRunner.java:45)
	at org.eclipse.ui.internal.decorators.LightweightDecoratorManager.decorate(LightweightDecoratorManager.java:360)
	at org.eclipse.ui.internal.decorators.LightweightDecoratorManager.getDecorations(LightweightDecoratorManager.java:346)
	at org.eclipse.ui.internal.decorators.DecorationScheduler$1.ensureResultCached(DecorationScheduler.java:333)
	at org.eclipse.ui.internal.decorators.DecorationScheduler$1.run(DecorationScheduler.java:300)
	at org.eclipse.core.internal.jobs.Worker.run(Worker.java:63)
